jecars.org - - [18/Dec/2012:14:20:57 +0100] "GET Application source init: /JeCARS/ApplicationSources/EventsApp HTTP/1.0" 200 0 "-" "-"
jecars.org - - [18/Dec/2012:14:20:57 +0100] "GET org.jecars.apps.CARS_EventsApp: JeCARS 'Elderberry' version=v3.0 Alpha-4 CARS_EventsApp HTTP/1.0" 200 0 "-" "-"
jecars.org - - [18/Dec/2012:14:20:57 +0100] "GET Application source init: /accounts HTTP/1.0" 200 0 "-" "-"
jecars.org - - [18/Dec/2012:14:20:57 +0100] "GET org.jecars.apps.CARS_AccountsApp: JeCARS version=v3.0 Alpha-4 $Id: CARS_AccountsApp.java,v 1.8 2012/10/21 09:00:00 weertj Exp $ HTTP/1.0" 200 0 "-" "-"
jecars.org - - [18/Dec/2012:14:20:57 +0100] "GET Application source init: /JeCARS/ApplicationSources/AdminApp HTTP/1.0" 200 0 "-" "-"
jecars.org - - [18/Dec/2012:14:20:57 +0100] "GET org.jecars.apps.CARS_AdminApp: JeCARS 'Elderberry' version=v3.0 Alpha-4 CARS_AdminApp HTTP/1.0" 200 0 "-" "-"
jecars.org - - [18/Dec/2012:14:20:57 +0100] "GET Application source init: /JeCARS/ApplicationSources/ToolsApp HTTP/1.0" 200 0 "-" "-"
jecars.org - - [18/Dec/2012:14:20:57 +0100] "GET org.jecars.apps.CARS_ToolsApp: JeCARS version=v3.0 Alpha-4 $Id: CARS_ToolsApp.java,v 1.7 2009/07/30 12:05:58 weertj Exp $ HTTP/1.0" 200 0 "-" "-"
jecars.org - - [18/Dec/2012:14:20:57 +0100] "GET Application source init: /shared HTTP/1.0" 200 0 "-" "-"
jecars.org - - [18/Dec/2012:14:20:57 +0100] "GET org.jecars.apps.CARS_SharedApp: JeCARS 'Elderberry' version=v3.0 Alpha-4 CARS_SharedApp HTTP/1.0" 200 0 "-" "-"
jecars.org - - [18/Dec/2012:14:20:57 +0100] "GET Missing path prefix > setting to empty string. (resource-path-prefix) HTTP/1.0" 200 0 "-" "-"
jecars.org - - [18/Dec/2012:14:22:36 +0100] "GET OutputGenerator 'atom' added HTTP/1.0" 200 0 "-" "-"
jecars.org - - [18/Dec/2012:14:22:36 +0100] "GET OutputGenerator 'html' added HTTP/1.0" 200 0 "-" "-"
jecars.org - - [18/Dec/2012:14:22:36 +0100] "GET OutputGenerator 'textentries' added HTTP/1.0" 200 0 "-" "-"
jecars.org - - [18/Dec/2012:14:22:36 +0100] "GET OutputGenerator 'properties' added HTTP/1.0" 200 0 "-" "-"
jecars.org - - [18/Dec/2012:14:22:36 +0100] "GET OutputGenerator 'json' added HTTP/1.0" 200 0 "-" "-"
jecars.org - - [18/Dec/2012:14:22:36 +0100] "GET OutputGenerator 'xml' added HTTP/1.0" 200 0 "-" "-"
jecars.org - - [18/Dec/2012:14:22:36 +0100] "GET OutputGenerator 'xmltable' added HTTP/1.0" 200 0 "-" "-"
jecars.org - - [18/Dec/2012:14:22:36 +0100] "GET OutputGenerator 'binary' added HTTP/1.0" 200 0 "-" "-"
127.0.0.1 - Administrator [18/Dec/2012:14:22:36 +0100] "GET / HTTP/1.0" 200 0 "null" "Mozilla/5.0 (Windows NT 6.1; WOW64; rv:12.0) Gecko/20100101 Firefox/12.0"
127.0.0.1 - Administrator [18/Dec/2012:14:22:40 +0100] "GET /JeCARS HTTP/1.0" 200 0 "http://localhost:8080/cars/" "Mozilla/5.0 (Windows NT 6.1; WOW64; rv:12.0) Gecko/20100101 Firefox/12.0"
127.0.0.1 - Administrator [18/Dec/2012:14:22:42 +0100] "GET /JeCARS/default HTTP/1.0" 200 0 "http://localhost:8080/cars/JeCARS" "Mozilla/5.0 (Windows NT 6.1; WOW64; rv:12.0) Gecko/20100101 Firefox/12.0"
jecars.org - Administrator [18/Dec/2012:14:22:43 +0100] "GET /JeCARS/default/Users HTTP/1.0" 200 0 "-" "-"
jecars.org - - [18/Dec/2012:14:23:09 +0100] "GET / HTTP/1.0" 200 0 "-" "-"
jecars.org - - [18/Dec/2012:14:23:25 +0100] "GET / HTTP/1.0" 200 0 "-" "-"
jecars.org - Administrator [18/Dec/2012:14:23:42 +0100] "GET /?alt=atom HTTP/1.0" 200 0 "-" "-"
jecars.org - Administrator [18/Dec/2012:14:23:42 +0100] "GET /JeCARS/default/Users?alt=atom HTTP/1.0" 200 0 "-" "-"
127.0.0.1 - Administrator [18/Dec/2012:14:23:42 +0100] "GET /JeCARS/default/Users?alt=atom HTTP/1.0" 200 0 "jecars.org" "JeCARS 'Elderberry' Client Development v3.0 Alpha 3"
127.0.0.1 - Administrator [18/Dec/2012:14:23:42 +0100] "GET JCR SQL query = SELECT * FROM jecars:User WHERE  (jcr:path LIKE '/JeCARS/default/Users/%' AND NOT jcr:path LIKE '/JeCARS/default/Users/%/%') result = -1 HTTP/1.0" 200 0 "jecars.org" "JeCARS 'Elderberry' Client Development v3.0 Alpha 3"
jecars.org - Administrator [18/Dec/2012:14:23:42 +0100] "GET /JeCARS/default/Groups?alt=atom HTTP/1.0" 200 0 "-" "-"
127.0.0.1 - Administrator [18/Dec/2012:14:23:42 +0100] "GET /JeCARS/default/Groups?alt=atom HTTP/1.0" 200 0 "jecars.org" "JeCARS 'Elderberry' Client Development v3.0 Alpha 3"
127.0.0.1 - Administrator [18/Dec/2012:14:23:42 +0100] "GET JCR SQL query = SELECT * FROM jecars:Group WHERE  (jcr:path LIKE '/JeCARS/default/Groups/%' AND NOT jcr:path LIKE '/JeCARS/default/Groups/%/%') result = -1 HTTP/1.0" 200 0 "jecars.org" "JeCARS 'Elderberry' Client Development v3.0 Alpha 3"
jecars.org - Administrator [18/Dec/2012:14:23:45 +0100] "GET /JeCARS/default/Users/anonymous?alt=atom HTTP/1.0" 200 0 "-" "-"
jecars.org - Administrator [18/Dec/2012:14:23:45 +0100] "GET /JeCARS/default/Groups/World?alt=atom HTTP/1.0" 200 0 "-" "-"
jecars.org - Administrator [18/Dec/2012:14:23:45 +0100] "HEAD //JeCARS/default/Users/Superuser HTTP/1.0" 200 0 "-" "-"
jecars.org - Administrator [18/Dec/2012:14:23:45 +0100] "GET /JeCARS?alt=atom HTTP/1.0" 200 0 "-" "-"
jecars.org - Administrator [18/Dec/2012:14:23:45 +0100] "GET /JeCARS/default?alt=atom HTTP/1.0" 200 0 "-" "-"
jecars.org - Administrator [18/Dec/2012:14:23:45 +0100] "GET /JeCARS/default/Users?alt=atom HTTP/1.0" 200 0 "-" "-"
jecars.org - Administrator [18/Dec/2012:14:23:45 +0100] "GET /JeCARS/default/Users/Superuser?alt=atom HTTP/1.0" 200 0 "-" "-"
jecars.org - Administrator [18/Dec/2012:14:23:45 +0100] "HEAD //JeCARS/default/Users/Administrator HTTP/1.0" 200 0 "-" "-"
127.0.0.1 - Administrator [18/Dec/2012:14:23:45 +0100] "GET /JeCARS/default/Users/Administrator?alt=atom HTTP/1.0" 200 0 "jecars.org" "JeCARS 'Elderberry' Client Development v3.0 Alpha 3"
jecars.org - Administrator [18/Dec/2012:14:23:45 +0100] "GET /JeCARS/default/Groups/EventsAppUsers?alt=atom HTTP/1.0" 200 0 "-" "-"
jecars.org - Administrator [18/Dec/2012:14:23:45 +0100] "GET /JeCARS/default/Groups/Admins?alt=atom HTTP/1.0" 200 0 "-" "-"
jecars.org - Administrator [18/Dec/2012:14:23:45 +0100] "HEAD //JeCARS/default/Users/Superuser HTTP/1.0" 200 0 "-" "-"
jecars.org - Administrator [18/Dec/2012:14:23:45 +0100] "HEAD //JeCARS/default/Users/Administrator HTTP/1.0" 200 0 "-" "-"
jecars.org - Administrator [18/Dec/2012:14:23:45 +0100] "HEAD /JeCARS/default/Users/anonymous HTTP/1.0" 200 0 "-" "-"
127.0.0.1 - Administrator [18/Dec/2012:14:23:46 +0100] "GET /JeCARS/default/Users/Superuser?alt=atom HTTP/1.0" 200 0 "jecars.org" "JeCARS 'Elderberry' Client Development v3.0 Alpha 3"
jecars.org - Administrator [18/Dec/2012:14:23:46 +0100] "HEAD /JeCARS/default/Users/anonymous HTTP/1.0" 200 0 "-" "-"
jecars.org - Administrator [18/Dec/2012:14:23:46 +0100] "HEAD /JeCARS/default/Users/Superuser HTTP/1.0" 200 0 "-" "-"
127.0.0.1 - Administrator [18/Dec/2012:14:23:46 +0100] "GET /JeCARS/default/Users/Administrator?alt=atom HTTP/1.0" 200 0 "jecars.org" "JeCARS 'Elderberry' Client Development v3.0 Alpha 3"
jecars.org - Administrator [18/Dec/2012:14:23:46 +0100] "HEAD /JeCARS/default/Users/Superuser HTTP/1.0" 200 0 "-" "-"
jecars.org - Administrator [18/Dec/2012:14:23:47 +0100] "HEAD /JeCARS/default/Users/Administrator HTTP/1.0" 200 0 "-" "-"
jecars.org - Administrator [18/Dec/2012:14:23:47 +0100] "HEAD /JeCARS/default/Users/Administrator HTTP/1.0" 200 0 "-" "-"
jecars.org - Administrator [18/Dec/2012:14:23:47 +0100] "HEAD /JeCARS/default/Users/anonymous HTTP/1.0" 200 0 "-" "-"
jecars.org - Administrator [18/Dec/2012:14:23:47 +0100] "HEAD /JeCARS/default/Users/anonymous HTTP/1.0" 200 0 "-" "-"
jecars.org - Administrator [18/Dec/2012:14:23:48 +0100] "HEAD /JeCARS/default/Users/Superuser HTTP/1.0" 200 0 "-" "-"
127.0.0.1 - Administrator [18/Dec/2012:14:23:55 +0100] "GET /JeCARS/default HTTP/1.0" 200 0 "http://localhost:8080/cars/JeCARS" "Mozilla/5.0 (Windows NT 6.1; WOW64; rv:12.0) Gecko/20100101 Firefox/12.0"
- - - [12/May/2015:10:11:10 +0200] "GET Missing path prefix > setting to empty string. (resource-path-prefix) HTTP/1.0" 0 0 "-" "-"
- - - [12/May/2015:10:11:33 +0200] "GET OutputGenerator 'atom' added HTTP/1.0" 0 0 "-" "-"
- - - [12/May/2015:10:11:33 +0200] "GET OutputGenerator 'html' added HTTP/1.0" 0 0 "-" "-"
- - - [12/May/2015:10:11:34 +0200] "GET OutputGenerator 'textentries' added HTTP/1.0" 0 0 "-" "-"
- - - [12/May/2015:10:11:34 +0200] "GET OutputGenerator 'properties' added HTTP/1.0" 0 0 "-" "-"
- - - [12/May/2015:10:11:34 +0200] "GET OutputGenerator 'json' added HTTP/1.0" 0 0 "-" "-"
- - - [12/May/2015:10:11:34 +0200] "GET OutputGenerator 'xml' added HTTP/1.0" 0 0 "-" "-"
- - - [12/May/2015:10:11:34 +0200] "GET OutputGenerator 'xmltable' added HTTP/1.0" 0 0 "-" "-"
- - - [12/May/2015:10:11:34 +0200] "GET OutputGenerator 'binary' added HTTP/1.0" 0 0 "-" "-"
- - - [12/May/2015:10:11:34 +0200] "GET OutputGenerator 'backup' added HTTP/1.0" 0 0 "-" "-"
- - - [12/May/2015:10:11:34 +0200] "GET OutputGenerator 'jecars' added HTTP/1.0" 0 0 "-" "-"
